0 info it worked if it ends with ok
1 verbose cli [ '/usr/bin/node', '/usr/bin/npm', 'start' ]
2 info using npm@3.5.2
3 info using node@v8.10.0
4 verbose run-script [ 'prestart', 'start', 'poststart' ]
5 info lifecycle basic-project@1.0.0~prestart: basic-project@1.0.0
6 silly lifecycle basic-project@1.0.0~prestart: no script for prestart, continuing
7 info lifecycle basic-project@1.0.0~start: basic-project@1.0.0
8 verbose lifecycle basic-project@1.0.0~start: unsafe-perm in lifecycle true
9 verbose lifecycle basic-project@1.0.0~start: PATH: /usr/share/npm/bin/node-gyp-bin:/mnt/c/Users/prate/Noob/Node-JS/Basic-project/node_modules/.bin:/usr/local/sbin:/usr/local/bin:/usr/sbin:/usr/bin:/sbin:/bin:/usr/games:/usr/local/games:/mnt/c/Program Files (x86)/Common Files/Oracle/Java/javapath:/mnt/c/WINDOWS/system32:/mnt/c/WINDOWS:/mnt/c/WINDOWS/System32/Wbem:/mnt/c/WINDOWS/System32/WindowsPowerShell/v1.0/:/mnt/c/WINDOWS/System32/OpenSSH/:/mnt/c/TDM-GCC-64/bin:/mnt/c/Program Files/Git/cmd:/mnt/c/Program Files/MySQL/MySQL Shell 8.0/bin/:/mnt/c/Users/prate/AppData/Local/Microsoft/WindowsApps:/mnt/c/Program Files/Java/jdk1.8.0_191/bin:/mnt/c/Program Files/mingw-w64/x86_64-8.1.0-posix-seh-rt_v6-rev0/mingw64/bin:/mnt/c/Users/prate/AppData/Local/Programs/Microsoft VS Code/bin:/mnt/c/adb:/mnt/c/Program Files (x86)/Yarn/bin/:/mnt/c/Program Files/nodejs/:/mnt/c/Program Files/MySQL/MySQL Shell 8.0/bin/:/mnt/c/Users/prate/AppData/Local/Microsoft/WindowsApps:/mnt/c/Program Files/Java/jdk1.8.0_191/bin:/mnt/c/Program Files/mingw-w64/x86_64-8.1.0-posix-seh-rt_v6-rev0/mingw64/bin:/mnt/c/TDM-GCC-64/bin:/mnt/c/Users/prate/AppData/Local/Programs/Microsoft VS Code/bin:/mnt/c/Users/prate/AppData/Local/Yarn/bin:/mnt/c/Users/prate/AppData/Roaming/npm:/snap/bin
10 verbose lifecycle basic-project@1.0.0~start: CWD: /mnt/c/Users/prate/Noob/Node-JS/Basic-project
11 silly lifecycle basic-project@1.0.0~start: Args: [ '-c', 'nodemon app.js' ]
12 info lifecycle basic-project@1.0.0~start: Failed to exec start script
13 verbose stack Error: basic-project@1.0.0 start: `nodemon app.js`
13 verbose stack spawn ENOENT
13 verbose stack     at ChildProcess.<anonymous> (/usr/share/npm/lib/utils/spawn.js:17:16)
13 verbose stack     at emitTwo (events.js:126:13)
13 verbose stack     at ChildProcess.emit (events.js:214:7)
13 verbose stack     at maybeClose (internal/child_process.js:925:16)
13 verbose stack     at Process.ChildProcess._handle.onexit (internal/child_process.js:209:5)
14 verbose pkgid basic-project@1.0.0
15 verbose cwd /mnt/c/Users/prate/Noob/Node-JS/Basic-project
16 error Linux 4.4.0-18362-Microsoft
17 error argv "/usr/bin/node" "/usr/bin/npm" "start"
18 error node v8.10.0
19 error npm  v3.5.2
20 error file sh
21 error code ELIFECYCLE
22 error errno ENOENT
23 error syscall spawn
24 error basic-project@1.0.0 start: `nodemon app.js`
24 error spawn ENOENT
25 error Failed at the basic-project@1.0.0 start script 'nodemon app.js'.
25 error Make sure you have the latest version of node.js and npm installed.
25 error If you do, this is most likely a problem with the basic-project package,
25 error not with npm itself.
25 error Tell the author that this fails on your system:
25 error     nodemon app.js
25 error You can get information on how to open an issue for this project with:
25 error     npm bugs basic-project
25 error Or if that isn't available, you can get their info via:
25 error     npm owner ls basic-project
25 error There is likely additional logging output above.
26 verbose exit [ 1, true ]
